android/app/seeds.txt
com.example.tushar_db.R$style
com.example.tushar_db.MainActivity
com.example.tushar_db.R$mipmap
com.example.tushar_db.R$string
com.example.tushar_db.R$drawable
com.example.tushar_db.R
com.example.tushar_db.R$raw
com.example.tushar_db.R$color
com.example.tushar_db.R$string: int google_api_key
com.example.tushar_db.R$string: int google_crash_reporting_api_key
com.example.tushar_db.R$drawable: int house
com.example.tushar_db.R$drawable: int notification_icon
com.example.tushar_db.R$drawable: int calendar
com.example.tushar_db.R$raw: int notification_sound
com.example.tushar_db.R$drawable: int charts
com.example.tushar_db.R$string: int project_id
com.example.tushar_db.R$mipmap: int ic_launcher
com.example.tushar_db.R$string: int google_storage_bucket
com.example.tushar_db.R$style: int NormalTheme
com.example.tushar_db.R$color: int ic_launcher_background
com.example.tushar_db.R$drawable: int task
com.example.tushar_db.R$drawable: int ic_launcher_foreground
com.example.tushar_db.R$style: int LaunchTheme
com.example.tushar_db.R$drawable: int launch_background
com.example.tushar_db.R$string: int google_app_id
com.example.tushar_db.R$mipmap: int launcher_icon
com.example.tushar_db.R$string: int gcm_defaultSenderId
com.example.tushar_db.R: R()
com.example.tushar_db.R$drawable: R$drawable()
com.example.tushar_db.MainActivity: MainActivity()
com.example.tushar_db.R$string: R$string()
com.example.tushar_db.R$color: R$color()
com.example.tushar_db.R$raw: R$raw()
com.example.tushar_db.R$style: R$style()
com.example.tushar_db.R$mipmap: R$mipmap()
com.example.tushar_db.MainActivity: void configureFlutterEngine(io.flutter.embedding.engine.FlutterEngine)
...
androidx.work.impl.constraints.NetworkState: NetworkState(boolean,boolean,boolean,boolean)
com.google.firebase.firestore.proto.WriteBatch$Builder: com.google.firebase.firestore.proto.WriteBatch$Builder setWrites(int,com.google.firestore.v1.Write)
com.google.firebase.firestore.model.mutation.DeleteMutation: int hashCode()
com.google.android.gms.internal.auth.zzhh: long zzj(java.lang.Object,long)
com.google.android.gms.internal.common.zzj: java.lang.Object zzb()
com.google.firebase.firestore.local.EncodedPath: java.util.List decode(java.lang.String)
io.flutter.plugins.imagepicker.FileUtils: java.lang.String getImageExtension(android.content.Context,android.net.Uri)
androidx.work.impl.utils.ForceStopRunnable: ForceStopRunnable(android.content.Context,androidx.work.impl.WorkManagerImpl)
androidx.core.app.NotificationCompat$Builder: androidx.core.app.NotificationCompat$Builder setContentIntent(android.app.PendingIntent)
com.google.android.gms.internal.firebase-auth-api.zzahb: com.google.android.gms.internal.firebase-auth-api.zzahb zza(java.lang.String,java.lang.String,boolean)
io.flutter.view.AccessibilityBridge$CustomAccessibilityAction: int access$4602(io.flutter.view.AccessibilityBridge$CustomAccessibilityAction,int)
io.flutter.plugins.firebase.auth.FlutterFirebaseAuthUser: void linkWithProvider(io.flutter.plugins.firebase.auth.GeneratedAndroidFirebaseAuth$AuthPigeonFirebaseApp,io.flutter.plugins.firebase.auth.GeneratedAndroidFirebaseAuth$PigeonSignInProvider,io.flutter.plugins.firebase.auth.GeneratedAndroidFirebaseAuth$Result)
io.flutter.embedding.android.FlutterView: void setWindowInfoListenerDisplayFeatures(androidx.window.layout.WindowLayoutInfo)
me.leolin.shortcutbadger.impl.SonyHomeBadger: SonyHomeBadger()
me.carda.awesome_notifications.core.managers.ActionManager: boolean commitChanges(android.content.Context)
androidx.core.app.NotificationCompat$BubbleMetadata$Api30Impl: NotificationCompat$BubbleMetadata$Api30Impl()
io.grpc.okhttp.OkHttpFrameLogger$SettingParams: io.grpc.okhttp.OkHttpFrameLogger$SettingParams[] values()
com.google.gson.reflect.TypeToken: TypeToken()
com.google.firebase.firestore.model.FieldIndex$Segment: com.google.firebase.firestore.model.FieldPath getFieldPath()
com.google.android.gms.tasks.zzw: com.google.android.gms.tasks.Task continueWith(java.util.concurrent.Executor,com.google.android.gms.tasks.Continuation)
com.google.firebase.firestore.util.CustomClassMapper: java.lang.Double convertDouble(java.lang.Object,com.google.firebase.firestore.util.CustomClassMapper$DeserializeContext)
com.google.android.gms.internal.firebase-auth-api.zzoa: zzoa(java.lang.Class,java.lang.Class)
com.google.android.gms.common.data.DataBufferRef: int getInteger(java.lang.String)
com.google.firebase.components.Component: boolean isEagerInDefaultApp()
com.google.firebase.storage.internal.Util: java.lang.String getCurrentAuthToken(com.google.firebase.auth.internal.InternalAuthProvider)
io.flutter.plugins.sharedpreferences.SharedPreferencesAsyncApi$Companion: void setUp$lambda$21$lambda$20(io.flutter.plugins.sharedpreferences.SharedPreferencesAsyncApi,java.lang.Object,io.flutter.plugin.common.BasicMessageChannel$Reply)
kotlin.time.DurationUnit: kotlin.time.DurationUnit[] values()
com.google.android.gms.common.internal.service.zap: zap(android.content.Context,android.os.Looper,com.google.android.gms.common.internal.ClientSettings,com.google.android.gms.common.internal.TelemetryLoggingOptions,com.google.android.gms.common.api.internal.ConnectionCallbacks,com.google.android.gms.common.api.internal.OnConnectionFailedListener)
com.google.firebase.firestore.model.mutation.Mutation: void verifyKeyMatches(com.google.firebase.firestore.model.MutableDocument)
androidx.core.app.NotificationCompat$Builder: android.widget.RemoteViews getHeadsUpContentView()
androidx.work.impl.utils.CancelWorkRunnable: androidx.work.impl.utils.CancelWorkRunnable forTag(java.lang.String,androidx.work.impl.WorkManagerImpl)